<?xml version="1.0" encoding="UTF-8"?>
<testng-results ignored="0" total="1" passed="1" failed="0" skipped="0">
  <reporter-output>
  </reporter-output>
  <suite started-at="2024-04-24T22:47:40 ICT" name="Default suite" finished-at="2024-04-24T22:47:55 ICT" duration-ms="15855">
    <groups>
    </groups>
    <test started-at="2024-04-24T22:47:40 ICT" name="Default test" finished-at="2024-04-24T22:47:55 ICT" duration-ms="15855">
      <class name="datvuong.Appium.LongPressTest">
        <test-method is-config="true" signature="ConfigureAppium()[pri:0, instance:datvuong.Appium.LongPressTest@61862a7f]" started-at="2024-04-24T22:47:40 ICT" name="ConfigureAppium" finished-at="2024-04-24T22:47:46 ICT" duration-ms="6295" status="PASS">
          <reporter-output>
          </reporter-output>
        </test-method> <!-- ConfigureAppium -->
        <test-method signature="scrollDemoTest()[pri:0, instance:datvuong.Appium.LongPressTest@61862a7f]" started-at="2024-04-24T22:47:46 ICT" name="scrollDemoTest" finished-at="2024-04-24T22:47:55 ICT" duration-ms="9229" status="PASS">
          <reporter-output>
          </reporter-output>
        </test-method> <!-- scrollDemoTest -->
        <test-method is-config="true" signature="tearDown()[pri:0, instance:datvuong.Appium.LongPressTest@61862a7f]" started-at="2024-04-24T22:47:55 ICT" name="tearDown" finished-at="2024-04-24T22:47:55 ICT" duration-ms="298" status="PASS">
          <reporter-output>
          </reporter-output>
        </test-method> <!-- tearDown -->
      </class> <!-- datvuong.Appium.LongPressTest -->
    </test> <!-- Default test -->
  </suite> <!-- Default suite -->
</testng-results>
