<?xml version="1.0" encoding="UTF-8"?>
<testng-results ignored="0" total="1" passed="1" failed="0" skipped="0">
  <reporter-output>
  </reporter-output>
  <suite started-at="2024-04-24T23:32:03 ICT" name="Default suite" finished-at="2024-04-24T23:32:19 ICT" duration-ms="15932">
    <groups>
    </groups>
    <test started-at="2024-04-24T23:32:03 ICT" name="Default test" finished-at="2024-04-24T23:32:19 ICT" duration-ms="15932">
      <class name="datvuong.Appium.SwipeDemo">
        <test-method is-config="true" signature="ConfigureAppium()[pri:0, instance:datvuong.Appium.SwipeDemo@7334aada]" started-at="2024-04-24T23:32:03 ICT" name="ConfigureAppium" finished-at="2024-04-24T23:32:10 ICT" duration-ms="6268" status="PASS">
          <reporter-output>
          </reporter-output>
        </test-method> <!-- ConfigureAppium -->
        <test-method signature="scrollDemoTest()[pri:0, instance:datvuong.Appium.SwipeDemo@7334aada]" started-at="2024-04-24T23:32:10 ICT" name="scrollDemoTest" finished-at="2024-04-24T23:32:19 ICT" duration-ms="9298" status="PASS">
          <reporter-output>
          </reporter-output>
        </test-method> <!-- scrollDemoTest -->
        <test-method is-config="true" signature="tearDown()[pri:0, instance:datvuong.Appium.SwipeDemo@7334aada]" started-at="2024-04-24T23:32:19 ICT" name="tearDown" finished-at="2024-04-24T23:32:19 ICT" duration-ms="331" status="PASS">
          <reporter-output>
          </reporter-output>
        </test-method> <!-- tearDown -->
      </class> <!-- datvuong.Appium.SwipeDemo -->
    </test> <!-- Default test -->
  </suite> <!-- Default suite -->
</testng-results>
